<?xml version="1.0" encoding="UTF-8"?>
<!-- Generated by org.testng.reporters.JUnitXMLReporter -->
<testsuite ignored="0" hostname="DESKTOP-OG1O4LU" failures="0" tests="6" name="Test" time="541.416" errors="0" timestamp="2023-03-03T17:26:20 PKT">
  <testcase classname="com.testcases.DarticanAutomation.Currency" name="@AfterClass columnname" time="-1.677846380056E9">
    <failure type="org.testng.TestNGException" message="
Can inject only one of &amp;lt;ITestContext, XmlTest&amp;gt; into a @AfterClass annotated columnname.
For more information on native dependency injection please refer to https://testng.org/doc/documentation-main.html#native-dependency-injection">
      <![CDATA[org.testng.TestNGException: 
Can inject only one of <ITestContext, XmlTest> into a @AfterClass annotated columnname.
For more information on native dependency injection please refer to https://testng.org/doc/documentation-main.html#native-dependency-injection
at java.base/java.util.ArrayList.forEach(ArrayList.java:1511)
... Removed 22 stack frames]]>
    </failure>
  </testcase> <!-- @AfterClass columnname -->
  <testcase classname="com.testcases.DarticanAutomation.Configuration" name="Browser" time="8.186"/>
  <testcase classname="com.testcases.DarticanAutomation.Currency" name="mouseover" time="5.755"/>
  <testcase classname="com.testcases.DarticanAutomation.Currency" name="ValidationErrors" time="60.336"/>
  <testcase classname="com.testcases.DarticanAutomation.Currency" name="AddCurrency" time="181.225"/>
  <testcase classname="com.testcases.DarticanAutomation.Currency" name="EditCurrency" time="171.646"/>
  <testcase classname="com.testcases.DarticanAutomation.Currency" name="Deletecurrency" time="70.83"/>
</testsuite> <!-- Test -->
